<!DOCTYPE html PUBLIC "-//W3C//DTD XHTML 1.1//EN" "https://www.w3.org/TR/xhtml11/DTD/xhtml11.dtd">
<html xmlns="https://www.w3.org/1999/xhtml">
<head>
<meta http-equiv="content-type" content="text/html; charset=UTF-8"/>
<title>TestNG Report</title>
<style type="text/css">table {margin-bottom:10px;border-collapse:collapse;empty-cells:show}th,td {border:1px solid #009;padding:.25em .5em}th {vertical-align:bottom}td {vertical-align:top}table a {font-weight:bold}.stripe td {background-color: #E6EBF9}.num {text-align:right}.passedodd td {background-color: #3F3}.passedeven td {background-color: #0A0}.skippedodd td {background-color: #DDD}.skippedeven td {background-color: #CCC}.failedodd td,.attn {background-color: #F33}.failedeven td,.stripe .attn {background-color: #D00}.stacktrace {white-space:pre;font-family:monospace}.totop {font-size:85%;text-align:center;border-bottom:2px solid #000}.invisible {display:none}</style>
</head>
<body>
<table>
<tr><th>Test</th><th># Passed</th><th># Skipped</th><th># Retried</th><th># Failed</th><th>Time (ms)</th><th>Included Groups</th><th>Excluded Groups</th></tr>
<tr><th colspan="8">Free CRM Automation Test Suite</th></tr>
<tr><td><a href="#t0">Free CRM Automation Test</a></td><td class="num">12</td><td class="num">0</td><td class="num">0</td><td class="num attn">2</td><td class="num">136,614</td><td></td><td></td></tr>
</table>
<table id='summary'><thead><tr><th>Class</th><th>Method</th><th>Start</th><th>Time (ms)</th></tr></thead><tbody><tr><th colspan="4">Free CRM Automation Test Suite</th></tr></tbody><tbody id="t0"><tr><th colspan="4">Free CRM Automation Test &#8212; failed</th></tr><tr class="failedeven"><td rowspan="2">com.crm.qa.testCases.ContactsPageTest</td><td><a href="#m0">selectContactCheckBoxTest</a></td><td rowspan="1">1667741290697</td><td rowspan="1">10028</td></tr><tr class="failedeven"><td><a href="#m1">selectMultipleContactCheckBoxTest</a></td><td rowspan="1">1667741307868</td><td rowspan="1">10024</td></tr><tr><th colspan="4">Free CRM Automation Test &#8212; passed</th></tr><tr class="passedeven"><td rowspan="4">com.crm.qa.testCases.AddNewContactPageTest</td><td><a href="#m2">addNewContactTest</a></td><td rowspan="3">1667741332984</td><td rowspan="3">1113</td></tr><tr class="passedeven"><td><a href="#m3">addNewContactTest</a></td></tr><tr class="passedeven"><td><a href="#m4">addNewContactTest</a></td></tr><tr class="passedeven"><td><a href="#m5">validateAddNewContactPageTitle</a></td><td rowspan="1">1667741325217</td><td rowspan="1">27</td></tr><tr class="passedodd"><td rowspan="1">com.crm.qa.testCases.ContactsPageTest</td><td><a href="#m6">verifyContactsPageTest</a></td><td rowspan="1">1667741283399</td><td rowspan="1">31</td></tr><tr class="passedeven"><td rowspan="3">com.crm.qa.testCases.LogInPageTest</td><td><a href="#m7">crmLogoTest</a></td><td rowspan="1">1667741268860</td><td rowspan="1">98</td></tr><tr class="passedeven"><td><a href="#m8">loginTest</a></td><td rowspan="1">1667741272435</td><td rowspan="1">3522</td></tr><tr class="passedeven"><td><a href="#m9">validateTitleTest</a></td><td rowspan="1">1667741265315</td><td rowspan="1">17</td></tr><tr class="passedodd"><td rowspan="4">com.crm.qa.testCases.UserHomePageTest</td><td><a href="#m10">clickNewContactTest</a></td><td rowspan="1">1667741260712</td><td rowspan="1">1089</td></tr><tr class="passedodd"><td><a href="#m11">contactsButtonClickTest</a></td><td rowspan="1">1667741250332</td><td rowspan="1">745</td></tr><tr class="passedodd"><td><a href="#m12">verifyUserHomePageTitleTest</a></td><td rowspan="1">1667741230634</td><td rowspan="1">12</td></tr><tr class="passedodd"><td><a href="#m13">verifyUserNameLabel</a></td><td rowspan="1">1667741240425</td><td rowspan="1">67</td></tr></tbody>
</table>
<h2>Free CRM Automation Test</h2><h3 id="m0">com.crm.qa.testCases.ContactsPageTest#selectContactCheckBoxTest</h3><table class="result"><tr><th>Exception</th></tr><tr><td><div class="stacktrace">org.openqa.selenium.NoSuchElementException: no such element: Unable to locate element: {&quot;method&quot;:&quot;xpath&quot;,&quot;selector&quot;:&quot;//a[contains(text(),&apos;test crm&apos;)]//parent::td[@class=&apos;datalistrow&apos;]//preceding-sibling::td[@class=&apos;datalistrow&apos;]//input[@type=&apos;checkbox&apos;]&quot;}
  (Session info: chrome=107.0.5304.87)
For documentation on this error, please visit: https://selenium.dev/exceptions/#no_such_element
Build info: version: &apos;4.5.2&apos;, revision: &apos;702c64f787c&apos;
System info: os.name: &apos;Mac OS X&apos;, os.arch: &apos;x86_64&apos;, os.version: &apos;13.0&apos;, java.version: &apos;17.0.4.1&apos;
Driver info: org.openqa.selenium.chrome.ChromeDriver
Command: [8f5ceb58ac21d305f02696f25f29e3bf, findElement {using=xpath, value=//a[contains(text(),&apos;test crm&apos;)]//parent::td[@class=&apos;datalistrow&apos;]//preceding-sibling::td[@class=&apos;datalistrow&apos;]//input[@type=&apos;checkbox&apos;]}]
Capabilities {acceptInsecureCerts: false, browserName: chrome, browserVersion: 107.0.5304.87, chrome: {chromedriverVersion: 107.0.5304.62 (1eec40d3a576..., userDataDir: /var/folders/gf/gthvsq1n1rz...}, goog:chromeOptions: {debuggerAddress: localhost:53259}, networkConnectionEnabled: false, pageLoadStrategy: normal, platformName: MAC, proxy: Proxy(), se:cdp: ws://localhost:53259/devtoo..., se:cdpVersion: 107.0.5304.87, setWindowRect: true, strictFileInteractability: false, timeouts: {implicit: 0, pageLoad: 300000, script: 30000}, unhandledPromptBehavior: dismiss and notify, webauthn:extension:credBlob: true, webauthn:extension:largeBlob: true, webauthn:virtualAuthenticators: true}
Session ID: 8f5ceb58ac21d305f02696f25f29e3bf
	at org.openqa.selenium.remote.codec.w3c.W3CHttpResponseCodec.createException(W3CHttpResponseCodec.java:200)
	at org.openqa.selenium.remote.codec.w3c.W3CHttpResponseCodec.decode(W3CHttpResponseCodec.java:133)
	at org.openqa.selenium.remote.codec.w3c.W3CHttpResponseCodec.decode(W3CHttpResponseCodec.java:53)
	at org.openqa.selenium.remote.HttpCommandExecutor.execute(HttpCommandExecutor.java:184)
	at org.openqa.selenium.remote.service.DriverCommandExecutor.invokeExecute(DriverCommandExecutor.java:167)
	at org.openqa.selenium.remote.service.DriverCommandExecutor.execute(DriverCommandExecutor.java:142)
	at org.openqa.selenium.remote.RemoteWebDriver.execute(RemoteWebDriver.java:541)
	at org.openqa.selenium.remote.ElementLocation$ElementFinder$2.findElement(ElementLocation.java:162)
	at org.openqa.selenium.remote.ElementLocation.findElement(ElementLocation.java:60)
	at org.openqa.selenium.remote.RemoteWebDriver.findElement(RemoteWebDriver.java:365)
	at org.openqa.selenium.remote.RemoteWebDriver.findElement(RemoteWebDriver.java:357)
	at com.crm.qa.pages.ContactsPage.selectContactCheckBox(ContactsPage.java:23)
	at com.crm.qa.testCases.ContactsPageTest.selectContactCheckBoxTest(ContactsPageTest.java:40)
	at java.base/java.util.ArrayList.forEach(ArrayList.java:1511)
... Removed 32 stack frames</div></td></tr></table><p class="totop"><a href="#summary">back to summary</a></p>
<h3 id="m1">com.crm.qa.testCases.ContactsPageTest#selectMultipleContactCheckBoxTest</h3><table class="result"><tr><th>Exception</th></tr><tr><td><div class="stacktrace">org.openqa.selenium.NoSuchElementException: no such element: Unable to locate element: {&quot;method&quot;:&quot;xpath&quot;,&quot;selector&quot;:&quot;//a[contains(text(),&apos;test crm&apos;)]//parent::td[@class=&apos;datalistrow&apos;]//preceding-sibling::td[@class=&apos;datalistrow&apos;]//input[@type=&apos;checkbox&apos;]&quot;}
  (Session info: chrome=107.0.5304.87)
For documentation on this error, please visit: https://selenium.dev/exceptions/#no_such_element
Build info: version: &apos;4.5.2&apos;, revision: &apos;702c64f787c&apos;
System info: os.name: &apos;Mac OS X&apos;, os.arch: &apos;x86_64&apos;, os.version: &apos;13.0&apos;, java.version: &apos;17.0.4.1&apos;
Driver info: org.openqa.selenium.chrome.ChromeDriver
Command: [fcc37ca9c8f39da58f6b096409ccd037, findElement {using=xpath, value=//a[contains(text(),&apos;test crm&apos;)]//parent::td[@class=&apos;datalistrow&apos;]//preceding-sibling::td[@class=&apos;datalistrow&apos;]//input[@type=&apos;checkbox&apos;]}]
Capabilities {acceptInsecureCerts: false, browserName: chrome, browserVersion: 107.0.5304.87, chrome: {chromedriverVersion: 107.0.5304.62 (1eec40d3a576..., userDataDir: /var/folders/gf/gthvsq1n1rz...}, goog:chromeOptions: {debuggerAddress: localhost:53289}, networkConnectionEnabled: false, pageLoadStrategy: normal, platformName: MAC, proxy: Proxy(), se:cdp: ws://localhost:53289/devtoo..., se:cdpVersion: 107.0.5304.87, setWindowRect: true, strictFileInteractability: false, timeouts: {implicit: 0, pageLoad: 300000, script: 30000}, unhandledPromptBehavior: dismiss and notify, webauthn:extension:credBlob: true, webauthn:extension:largeBlob: true, webauthn:virtualAuthenticators: true}
Session ID: fcc37ca9c8f39da58f6b096409ccd037
	at org.openqa.selenium.remote.codec.w3c.W3CHttpResponseCodec.createException(W3CHttpResponseCodec.java:200)
	at org.openqa.selenium.remote.codec.w3c.W3CHttpResponseCodec.decode(W3CHttpResponseCodec.java:133)
	at org.openqa.selenium.remote.codec.w3c.W3CHttpResponseCodec.decode(W3CHttpResponseCodec.java:53)
	at org.openqa.selenium.remote.HttpCommandExecutor.execute(HttpCommandExecutor.java:184)
	at org.openqa.selenium.remote.service.DriverCommandExecutor.invokeExecute(DriverCommandExecutor.java:167)
	at org.openqa.selenium.remote.service.DriverCommandExecutor.execute(DriverCommandExecutor.java:142)
	at org.openqa.selenium.remote.RemoteWebDriver.execute(RemoteWebDriver.java:541)
	at org.openqa.selenium.remote.ElementLocation$ElementFinder$2.findElement(ElementLocation.java:162)
	at org.openqa.selenium.remote.ElementLocation.findElement(ElementLocation.java:60)
	at org.openqa.selenium.remote.RemoteWebDriver.findElement(RemoteWebDriver.java:365)
	at org.openqa.selenium.remote.RemoteWebDriver.findElement(RemoteWebDriver.java:357)
	at com.crm.qa.pages.ContactsPage.selectContactCheckBox(ContactsPage.java:23)
	at com.crm.qa.testCases.ContactsPageTest.selectMultipleContactCheckBoxTest(ContactsPageTest.java:46)
	at java.base/java.util.ArrayList.forEach(ArrayList.java:1511)
... Removed 32 stack frames</div></td></tr></table><p class="totop"><a href="#summary">back to summary</a></p>
<h3 id="m2">com.crm.qa.testCases.AddNewContactPageTest#addNewContactTest</h3><table class="result"><tr class="param"><th>Parameter #1</th><th>Parameter #2</th><th>Parameter #3</th></tr><tr class="param stripe"><td>Mr.</td><td>Jason</td><td>Watson</td></tr></table><p class="totop"><a href="#summary">back to summary</a></p>
<h3 id="m3">com.crm.qa.testCases.AddNewContactPageTest#addNewContactTest</h3><table class="result"><tr class="param"><th>Parameter #1</th><th>Parameter #2</th><th>Parameter #3</th></tr><tr class="param stripe"><td>Mr.</td><td>Scot</td><td>Kent</td></tr></table><p class="totop"><a href="#summary">back to summary</a></p>
<h3 id="m4">com.crm.qa.testCases.AddNewContactPageTest#addNewContactTest</h3><table class="result"><tr class="param"><th>Parameter #1</th><th>Parameter #2</th><th>Parameter #3</th></tr><tr class="param stripe"><td>Mr.</td><td>Chris</td><td>Mason</td></tr></table><p class="totop"><a href="#summary">back to summary</a></p>
<h3 id="m5">com.crm.qa.testCases.AddNewContactPageTest#validateAddNewContactPageTitle</h3><table class="result"><tr><th class="invisible"/></tr></table><p class="totop"><a href="#summary">back to summary</a></p>
<h3 id="m6">com.crm.qa.testCases.ContactsPageTest#verifyContactsPageTest</h3><table class="result"><tr><th class="invisible"/></tr></table><p class="totop"><a href="#summary">back to summary</a></p>
<h3 id="m7">com.crm.qa.testCases.LogInPageTest#crmLogoTest</h3><table class="result"><tr><th class="invisible"/></tr></table><p class="totop"><a href="#summary">back to summary</a></p>
<h3 id="m8">com.crm.qa.testCases.LogInPageTest#loginTest</h3><table class="result"><tr><th class="invisible"/></tr></table><p class="totop"><a href="#summary">back to summary</a></p>
<h3 id="m9">com.crm.qa.testCases.LogInPageTest#validateTitleTest</h3><table class="result"><tr><th class="invisible"/></tr></table><p class="totop"><a href="#summary">back to summary</a></p>
<h3 id="m10">com.crm.qa.testCases.UserHomePageTest#clickNewContactTest</h3><table class="result"><tr><th class="invisible"/></tr></table><p class="totop"><a href="#summary">back to summary</a></p>
<h3 id="m11">com.crm.qa.testCases.UserHomePageTest#contactsButtonClickTest</h3><table class="result"><tr><th class="invisible"/></tr></table><p class="totop"><a href="#summary">back to summary</a></p>
<h3 id="m12">com.crm.qa.testCases.UserHomePageTest#verifyUserHomePageTitleTest</h3><table class="result"><tr><th class="invisible"/></tr></table><p class="totop"><a href="#summary">back to summary</a></p>
<h3 id="m13">com.crm.qa.testCases.UserHomePageTest#verifyUserNameLabel</h3><table class="result"><tr><th class="invisible"/></tr></table><p class="totop"><a href="#summary">back to summary</a></p>
</body>
</html>
